<?xml version="1.0" encoding="UTF-8"?>
<testsuite xmlns:xsi="http://www.w3.org/2001/XMLSchema-instance" xsi:noNamespaceSchemaLocation="https://maven.apache.org/surefire/maven-surefire-plugin/xsd/surefire-test-report-3.0.xsd" version="3.0" name="com.ty.app.AppApplicationTests" time="2.967" tests="1" errors="0" skipped="0" failures="0">
  <properties>
[...]
</properties>
  <testcase name="contextLoads" classname="com.ty.app.AppApplicationTests" time="0.183">
    <system-out><![CDATA[10:13:23.178 [main] DEBUG org.springframework.test.context.BootstrapUtils - Instantiating CacheAwareContextLoaderDelegate from class [org.springframework.test.context.cache.DefaultCacheAwareContextLoaderDelegate]
10:13:23.190 [main] DEBUG org.springframework.test.context.BootstrapUtils - Instantiating BootstrapContext using constructor [public org.springframework.test.context.support.DefaultBootstrapContext(java.lang.Class,org.springframework.test.context.CacheAwareContextLoaderDelegate)]
10:13:23.228 [main] DEBUG org.springframework.test.context.BootstrapUtils - Instantiating TestContextBootstrapper for test class [com.ty.app.AppApplicationTests] from class [org.springframework.boot.test.context.SpringBootTestContextBootstrapper]
10:13:23.241 [main] INFO org.springframework.boot.test.context.SpringBootTestContextBootstrapper - Neither @ContextConfiguration nor @ContextHierarchy found for test class [com.ty.app.AppApplicationTests], using SpringBootContextLoader
10:13:23.245 [main] DEBUG org.springframework.test.context.support.AbstractContextLoader - Did not detect default resource location for test class [com.ty.app.AppApplicationTests]: class path resource [com/ty/app/AppApplicationTests-context.xml] does not exist
10:13:23.245 [main] DEBUG org.springframework.test.context.support.AbstractContextLoader - Did not detect default resource location for test class [com.ty.app.AppApplicationTests]: class path resource [com/ty/app/AppApplicationTestsContext.groovy] does not exist
10:13:23.245 [main] INFO org.springframework.test.context.support.AbstractContextLoader - Could not detect default resource locations for test class [com.ty.app.AppApplicationTests]: no resource found for suffixes {-context.xml, Context.groovy}.
10:13:23.246 [main] INFO org.springframework.test.context.support.AnnotationConfigContextLoaderUtils - Could not detect default configuration classes for test class [com.ty.app.AppApplicationTests]: AppApplicationTests does not declare any static, non-private, non-final, nested classes annotated with @Configuration.
10:13:23.287 [main] DEBUG org.springframework.test.context.support.ActiveProfilesUtils - Could not find an 'annotation declaring class' for annotation type [org.springframework.test.context.ActiveProfiles] and class [com.ty.app.AppApplicationTests]
10:13:23.356 [main] DEBUG org.springframework.context.annotation.ClassPathScanningCandidateComponentProvider - Identified candidate component class: file [E:\IdeaWorks\pzrShop\TyTools\admin\app\target\classes\com\ty\app\AppApplication.class]
10:13:23.357 [main] INFO org.springframework.boot.test.context.SpringBootTestContextBootstrapper - Found @SpringBootConfiguration com.ty.app.AppApplication for test class com.ty.app.AppApplicationTests
10:13:23.448 [main] DEBUG org.springframework.boot.test.context.SpringBootTestContextBootstrapper - @TestExecutionListeners is not present for class [com.ty.app.AppApplicationTests]: using defaults.
10:13:23.448 [main] INFO org.springframework.boot.test.context.SpringBootTestContextBootstrapper - Loaded default TestExecutionListener class names from location [META-INF/spring.factories]: [org.springframework.boot.test.mock.mockito.MockitoTestExecutionListener, org.springframework.boot.test.mock.mockito.ResetMocksTestExecutionListener, org.springframework.boot.test.autoconfigure.restdocs.RestDocsTestExecutionListener, org.springframework.boot.test.autoconfigure.web.client.MockRestServiceServerResetTestExecutionListener, org.springframework.boot.test.autoconfigure.web.servlet.MockMvcPrintOnlyOnFailureTestExecutionListener, org.springframework.boot.test.autoconfigure.web.servlet.WebDriverTestExecutionListener, org.springframework.boot.test.autoconfigure.webservices.client.MockWebServiceServerTestExecutionListener, org.springframework.test.context.web.ServletTestExecutionListener, org.springframework.test.context.support.DirtiesContextBeforeModesTestExecutionListener, org.springframework.test.context.event.ApplicationEventsTestExecutionListener, org.springframework.test.context.support.DependencyInjectionTestExecutionListener, org.springframework.test.context.support.DirtiesContextTestExecutionListener, org.springframework.test.context.transaction.TransactionalTestExecutionListener, org.springframework.test.context.jdbc.SqlScriptsTestExecutionListener, org.springframework.test.context.event.EventPublishingTestExecutionListener]
10:13:23.468 [main] INFO org.springframework.boot.test.context.SpringBootTestContextBootstrapper - Using TestExecutionListeners: [org.springframework.test.context.web.ServletTestExecutionListener@7fb4f2a9, org.springframework.test.context.support.DirtiesContextBeforeModesTestExecutionListener@4dc27487, org.springframework.test.context.event.ApplicationEventsTestExecutionListener@6a4f1a55, org.springframework.boot.test.mock.mockito.MockitoTestExecutionListener@7dfd3c81, org.springframework.boot.test.autoconfigure.SpringBootDependencyInjectionTestExecutionListener@2584b82d, org.springframework.test.context.support.DirtiesContextTestExecutionListener@7bbc8656, org.springframework.test.context.transaction.TransactionalTestExecutionListener@6933b6c6, org.springframework.test.context.jdbc.SqlScriptsTestExecutionListener@7d3e8655, org.springframework.test.context.event.EventPublishingTestExecutionListener@7dfb0c0f, org.springframework.boot.test.mock.mockito.ResetMocksTestExecutionListener@626abbd0, org.springframework.boot.test.autoconfigure.restdocs.RestDocsTestExecutionListener@169bb4dd, org.springframework.boot.test.autoconfigure.web.client.MockRestServiceServerResetTestExecutionListener@1f9e9475, org.springframework.boot.test.autoconfigure.web.servlet.MockMvcPrintOnlyOnFailureTestExecutionListener@3aa078fd, org.springframework.boot.test.autoconfigure.web.servlet.WebDriverTestExecutionListener@d23e042, org.springframework.boot.test.autoconfigure.webservices.client.MockWebServiceServerTestExecutionListener@46d59067]
10:13:23.472 [main] DEBUG org.springframework.test.context.support.AbstractDirtiesContextTestExecutionListener - Before test class: context [DefaultTestContext@7dc19a70 testClass = AppApplicationTests, testInstance = [null], testMethod = [null], testException = [null], mergedContextConfiguration = [WebMergedContextConfiguration@508dec2b testClass = AppApplicationTests, locations = '{}', classes = '{class com.ty.app.AppApplication}', contextInitializerClasses = '[]', activeProfiles = '{}', propertySourceLocations = '{}', propertySourceProperties = '{org.springframework.boot.test.context.SpringBootTestContextBootstrapper=true}', contextCustomizers = set[org.springframework.boot.test.context.filter.ExcludeFilterContextCustomizer@2d1ef81a, org.springframework.boot.test.json.DuplicateJsonObjectContextCustomizerFactory$DuplicateJsonObjectContextCustomizer@5b12b668, org.springframework.boot.test.mock.mockito.MockitoContextCustomizer@0, org.springframework.boot.test.web.client.TestRestTemplateContextCustomizer@233795b6, org.springframework.boot.test.autoconfigure.actuate.metrics.MetricsExportContextCustomizerFactory$DisableMetricExportContextCustomizer@179ece50, org.springframework.boot.test.autoconfigure.properties.PropertyMappingContextCustomizer@0, org.springframework.boot.test.autoconfigure.web.servlet.WebDriverContextCustomizerFactory$Customizer@55fe41ea, org.springframework.boot.test.context.SpringBootTestArgs@1, org.springframework.boot.test.context.SpringBootTestWebEnvironment@57536d79], resourceBasePath = 'src/main/webapp', contextLoader = 'org.springframework.boot.test.context.SpringBootContextLoader', parent = [null]], attributes = map['org.springframework.test.context.web.ServletTestExecutionListener.activateListener' -> true]], class annotated with @DirtiesContext [false] with mode [null].

  .   ____          _            __ _ _
 /\\ / ___'_ __ _ _(_)_ __  __ _ \ \ \ \
( ( )\___ | '_ | '_| | '_ \/ _` | \ \ \ \
 \\/  ___)| |_)| | | | | || (_| |  ) ) ) )
  '  |____| .__|_| |_|_| |_\__, | / / / /
 =========|_|==============|___/=/_/_/_/
 :: Spring Boot ::               (v2.6.13)

2026-04-13 10:13:23.788  INFO 50412 --- [           main] com.ty.app.AppApplicationTests           : Starting AppApplicationTests using Java 1.8.0_411 on DESKTOP-G4MK0UM with PID 50412 (started by warren in E:\IdeaWorks\pzrShop\TyTools\admin\app)
2026-04-13 10:13:23.789  INFO 50412 --- [           main] com.ty.app.AppApplicationTests           : No active profile set, falling back to 1 default profile: "default"
2026-04-13 10:13:24.292  INFO 50412 --- [           main] .s.d.r.c.RepositoryConfigurationDelegate : Multiple Spring Data modules found, entering strict repository configuration mode
2026-04-13 10:13:24.295  INFO 50412 --- [           main] .s.d.r.c.RepositoryConfigurationDelegate : Bootstrapping Spring Data Redis repositories in DEFAULT mode.
2026-04-13 10:13:24.314  INFO 50412 --- [           main] .s.d.r.c.RepositoryConfigurationDelegate : Finished Spring Data repository scanning in 6 ms. Found 0 Redis repository interfaces.
2026-04-13 10:13:25.885  INFO 50412 --- [           main] com.ty.app.AppApplicationTests           : Started AppApplicationTests in 2.378 seconds (JVM running for 3.249)
]]></system-out>
  </testcase>
</testsuite>